2021/10/31 13:54:45 [emerg] 1#1: "http" directive is not allowed here in /etc/nginx/conf.d/default.conf:1
2021/10/31 13:54:53 [emerg] 1#1: "http" directive is not allowed here in /etc/nginx/conf.d/default.conf:1
2021/10/31 13:55:03 [emerg] 1#1: "http" directive is not allowed here in /etc/nginx/conf.d/default.conf:1
2021/10/31 13:55:07 [emerg] 1#1: "http" directive is not allowed here in /etc/nginx/conf.d/default.conf:1
2021/10/31 13:55:10 [emerg] 1#1: "http" directive is not allowed here in /etc/nginx/conf.d/default.conf:1
2021/10/31 13:55:15 [emerg] 1#1: "http" directive is not allowed here in /etc/nginx/conf.d/default.conf:1
2021/10/31 13:55:21 [emerg] 1#1: "http" directive is not allowed here in /etc/nginx/conf.d/default.conf:1
2021/10/31 13:55:30 [emerg] 1#1: "http" directive is not allowed here in /etc/nginx/conf.d/default.conf:1
2021/10/31 13:55:45 [emerg] 1#1: "http" directive is not allowed here in /etc/nginx/conf.d/default.conf:1
2021/10/31 13:56:13 [emerg] 1#1: "http" directive is not allowed here in /etc/nginx/conf.d/default.conf:1
2021/10/31 13:57:07 [emerg] 1#1: "http" directive is not allowed here in /etc/nginx/conf.d/default.conf:1
2021/10/31 13:58:09 [emerg] 1#1: "http" directive is not allowed here in /etc/nginx/conf.d/default.conf:1
2021/10/31 13:59:15 [emerg] 1#1: "http" directive is not allowed here in /etc/nginx/conf.d/default.conf:1
2021/10/31 14:00:17 [emerg] 1#1: "http" directive is not allowed here in /etc/nginx/conf.d/default.conf:1
2021/10/31 14:06:43 [emerg] 1#1: "http" directive is not allowed here in /etc/nginx/conf.d/default.conf:1
2021/10/31 14:07:44 [emerg] 1#1: "http" directive is not allowed here in /etc/nginx/conf.d/default.conf:1
2021/10/31 14:08:45 [emerg] 1#1: "http" directive is not allowed here in /etc/nginx/conf.d/default.conf:1
2021/10/31 14:09:45 [emerg] 1#1: "http" directive is not allowed here in /etc/nginx/conf.d/default.conf:1
2021/10/31 14:10:46 [emerg] 1#1: "http" directive is not allowed here in /etc/nginx/conf.d/default.conf:1
2021/10/31 14:11:47 [emerg] 1#1: "http" directive is not allowed here in /etc/nginx/conf.d/default.conf:1
2021/10/31 14:12:48 [emerg] 1#1: "http" directive is not allowed here in /etc/nginx/conf.d/default.conf:1
2021/10/31 14:13:48 [emerg] 1#1: "http" directive is not allowed here in /etc/nginx/conf.d/default.conf:1
2021/10/31 14:14:50 [emerg] 1#1: "http" directive is not allowed here in /etc/nginx/conf.d/default.conf:1
2021/10/31 14:21:54 [emerg] 1#1: "http" directive is not allowed here in /etc/nginx/conf.d/default.conf:1
2021/10/31 14:22:55 [emerg] 1#1: "http" directive is not allowed here in /etc/nginx/conf.d/default.conf:1
2021/10/31 15:19:58 [error] 10#10: *3 connect() failed (111: Connection refused) while connecting to upstream, client: 172.23.0.1, server: , request: "GET / HTTP/1.1", upstream: "http://127.0.0.1:3000/", host: "localhost"
2021/10/31 15:19:59 [error] 10#10: *5 connect() failed (111: Connection refused) while connecting to upstream, client: 172.23.0.1, server: , request: "GET /favicon.ico HTTP/1.1", upstream: "http://127.0.0.1:3000/favicon.ico", host: "localhost", referrer: "http://localhost/"
2021/10/31 16:00:24 [error] 8#8: *2 connect() failed (111: Connection refused) while connecting to upstream, client: 172.25.0.1, server: , request: "GET / HTTP/1.1", upstream: "http://127.0.0.1:3000/", host: "localhost"
2021/10/31 16:00:24 [error] 8#8: *2 connect() failed (111: Connection refused) while connecting to upstream, client: 172.25.0.1, server: , request: "GET /favicon.ico HTTP/1.1", upstream: "http://127.0.0.1:3000/favicon.ico", host: "localhost", referrer: "http://localhost/"
2021/10/31 16:00:32 [error] 8#8: *2 connect() failed (111: Connection refused) while connecting to upstream, client: 172.25.0.1, server: , request: "GET / HTTP/1.1", upstream: "http://127.0.0.1:3000/", host: "localhost"
2021/10/31 16:00:32 [error] 8#8: *2 connect() failed (111: Connection refused) while connecting to upstream, client: 172.25.0.1, server: , request: "GET /favicon.ico HTTP/1.1", upstream: "http://127.0.0.1:3000/favicon.ico", host: "localhost", referrer: "http://localhost/"
2021/10/31 16:02:23 [error] 8#8: *8 connect() failed (111: Connection refused) while connecting to upstream, client: 172.25.0.1, server: , request: "GET / HTTP/1.1", upstream: "http://127.0.0.1:3000/", host: "localhost"
2021/10/31 16:02:23 [error] 8#8: *8 connect() failed (111: Connection refused) while connecting to upstream, client: 172.25.0.1, server: , request: "GET /favicon.ico HTTP/1.1", upstream: "http://127.0.0.1:3000/favicon.ico", host: "localhost", referrer: "http://localhost/"
2021/10/31 16:32:43 [error] 9#9: *11 connect() failed (111: Connection refused) while connecting to upstream, client: 172.25.0.1, server: , request: "GET / HTTP/1.1", upstream: "http://127.0.0.1:3000/", host: "localhost"
2021/10/31 16:32:44 [error] 9#9: *11 connect() failed (111: Connection refused) while connecting to upstream, client: 172.25.0.1, server: , request: "GET /favicon.ico HTTP/1.1", upstream: "http://127.0.0.1:3000/favicon.ico", host: "localhost", referrer: "http://localhost/"
2021/10/31 17:02:39 [error] 9#9: *16 connect() failed (111: Connection refused) while connecting to upstream, client: 172.25.0.1, server: , request: "GET / HTTP/1.1", upstream: "http://127.0.0.1:3000/", host: "localhost"
2021/10/31 17:02:39 [error] 9#9: *16 connect() failed (111: Connection refused) while connecting to upstream, client: 172.25.0.1, server: , request: "GET /favicon.ico HTTP/1.1", upstream: "http://127.0.0.1:3000/favicon.ico", host: "localhost", referrer: "http://localhost/"
2021/10/31 17:02:40 [error] 9#9: *16 connect() failed (111: Connection refused) while connecting to upstream, client: 172.25.0.1, server: , request: "GET / HTTP/1.1", upstream: "http://127.0.0.1:3000/", host: "localhost"
2021/10/31 17:02:40 [error] 9#9: *16 connect() failed (111: Connection refused) while connecting to upstream, client: 172.25.0.1, server: , request: "GET /favicon.ico HTTP/1.1", upstream: "http://127.0.0.1:3000/favicon.ico", host: "localhost", referrer: "http://localhost/"
2021/10/31 17:03:30 [error] 9#9: *16 connect() failed (111: Connection refused) while connecting to upstream, client: 172.25.0.1, server: , request: "GET /favicon.ico HTTP/1.1", upstream: "http://127.0.0.1:3000/favicon.ico", host: "localhost", referrer: "http://localhost/"
2021/10/31 17:03:33 [error] 9#9: *16 connect() failed (111: Connection refused) while connecting to upstream, client: 172.25.0.1, server: , request: "GET / HTTP/1.1", upstream: "http://127.0.0.1:3000/", host: "localhost"
2021/10/31 17:03:33 [error] 9#9: *16 connect() failed (111: Connection refused) while connecting to upstream, client: 172.25.0.1, server: , request: "GET /favicon.ico HTTP/1.1", upstream: "http://127.0.0.1:3000/favicon.ico", host: "localhost", referrer: "http://localhost/"
2021/12/07 06:30:50 [emerg] 1#1: host not found in upstream "app:3000" in /etc/nginx/conf.d/default.conf:6
2021/12/07 06:30:52 [emerg] 1#1: host not found in upstream "app:3000" in /etc/nginx/conf.d/default.conf:6
2021/12/07 06:30:54 [emerg] 1#1: host not found in upstream "app:3000" in /etc/nginx/conf.d/default.conf:6
2021/12/07 06:30:56 [emerg] 1#1: host not found in upstream "app:3000" in /etc/nginx/conf.d/default.conf:6
2021/12/07 06:30:59 [emerg] 1#1: host not found in upstream "app:3000" in /etc/nginx/conf.d/default.conf:6
2021/12/07 06:31:01 [emerg] 1#1: host not found in upstream "app:3000" in /etc/nginx/conf.d/default.conf:6
2021/12/07 06:31:06 [emerg] 1#1: host not found in upstream "app:3000" in /etc/nginx/conf.d/default.conf:6
2021/12/07 06:31:14 [emerg] 1#1: host not found in upstream "app:3000" in /etc/nginx/conf.d/default.conf:6
2021/12/07 06:31:29 [emerg] 1#1: host not found in upstream "app:3000" in /etc/nginx/conf.d/default.conf:6
2021/12/07 06:31:56 [emerg] 1#1: host not found in upstream "app:3000" in /etc/nginx/conf.d/default.conf:6
2021/12/07 06:32:48 [emerg] 1#1: host not found in upstream "app:3000" in /etc/nginx/conf.d/default.conf:6
2021/12/07 06:33:49 [emerg] 1#1: host not found in upstream "app:3000" in /etc/nginx/conf.d/default.conf:6
2021/12/07 06:34:49 [emerg] 1#1: host not found in upstream "app:3000" in /etc/nginx/conf.d/default.conf:6
2021/12/07 06:35:51 [emerg] 1#1: host not found in upstream "app:3000" in /etc/nginx/conf.d/default.conf:6
2021/12/07 06:36:52 [emerg] 1#1: host not found in upstream "app:3000" in /etc/nginx/conf.d/default.conf:6
2021/12/07 06:37:53 [emerg] 1#1: host not found in upstream "app:3000" in /etc/nginx/conf.d/default.conf:6
2021/12/07 06:38:54 [emerg] 1#1: host not found in upstream "app:3000" in /etc/nginx/conf.d/default.conf:6
2021/12/07 06:39:54 [emerg] 1#1: host not found in upstream "app:3000" in /etc/nginx/conf.d/default.conf:6
2021/12/07 06:40:55 [emerg] 1#1: host not found in upstream "app:3000" in /etc/nginx/conf.d/default.conf:6
2021/12/07 06:41:56 [emerg] 1#1: host not found in upstream "app:3000" in /etc/nginx/conf.d/default.conf:6
2021/12/07 06:42:56 [emerg] 1#1: host not found in upstream "app:3000" in /etc/nginx/conf.d/default.conf:6
2021/12/07 06:43:57 [emerg] 1#1: host not found in upstream "app:3000" in /etc/nginx/conf.d/default.conf:6
2021/12/07 20:45:05 [emerg] 1#1: host not found in upstream "app:3000" in /etc/nginx/conf.d/default.conf:6
2021/12/09 15:50:12 [emerg] 1#1: host not found in upstream "app:3000" in /etc/nginx/conf.d/default.conf:6
2021/12/09 15:51:13 [emerg] 1#1: host not found in upstream "app:3000" in /etc/nginx/conf.d/default.conf:6
2021/12/09 15:52:13 [emerg] 1#1: host not found in upstream "app:3000" in /etc/nginx/conf.d/default.conf:6
2021/12/09 15:53:14 [emerg] 1#1: host not found in upstream "app:3000" in /etc/nginx/conf.d/default.conf:6
2021/12/09 15:54:15 [emerg] 1#1: host not found in upstream "app:3000" in /etc/nginx/conf.d/default.conf:6
2021/12/09 15:55:15 [emerg] 1#1: host not found in upstream "app:3000" in /etc/nginx/conf.d/default.conf:6
2021/12/09 15:56:16 [emerg] 1#1: host not found in upstream "app:3000" in /etc/nginx/conf.d/default.conf:6
2021/12/09 15:57:17 [emerg] 1#1: host not found in upstream "app:3000" in /etc/nginx/conf.d/default.conf:6
2021/12/09 15:58:17 [emerg] 1#1: host not found in upstream "app:3000" in /etc/nginx/conf.d/default.conf:6
2021/12/09 15:59:18 [emerg] 1#1: host not found in upstream "app:3000" in /etc/nginx/conf.d/default.conf:6
2021/12/09 16:00:19 [emerg] 1#1: host not found in upstream "app:3000" in /etc/nginx/conf.d/default.conf:6
2021/12/09 16:01:19 [emerg] 1#1: host not found in upstream "app:3000" in /etc/nginx/conf.d/default.conf:6
2021/12/09 16:02:20 [emerg] 1#1: host not found in upstream "app:3000" in /etc/nginx/conf.d/default.conf:6
2021/12/09 16:03:21 [emerg] 1#1: host not found in upstream "app:3000" in /etc/nginx/conf.d/default.conf:6
2021/12/09 16:04:21 [emerg] 1#1: host not found in upstream "app:3000" in /etc/nginx/conf.d/default.conf:6
2021/12/09 16:05:22 [emerg] 1#1: host not found in upstream "app:3000" in /etc/nginx/conf.d/default.conf:6
2021/12/09 16:06:23 [emerg] 1#1: host not found in upstream "app:3000" in /etc/nginx/conf.d/default.conf:6
2021/12/09 16:07:25 [emerg] 1#1: host not found in upstream "app:3000" in /etc/nginx/conf.d/default.conf:6
2021/12/09 18:55:13 [emerg] 1#1: host not found in upstream "app:3000" in /etc/nginx/conf.d/default.conf:6
2021/12/09 18:56:14 [emerg] 1#1: host not found in upstream "app:3000" in /etc/nginx/conf.d/default.conf:6
2021/12/09 18:57:15 [emerg] 1#1: host not found in upstream "app:3000" in /etc/nginx/conf.d/default.conf:6
2021/12/09 18:58:15 [emerg] 1#1: host not found in upstream "app:3000" in /etc/nginx/conf.d/default.conf:6
2021/12/09 18:59:16 [emerg] 1#1: host not found in upstream "app:3000" in /etc/nginx/conf.d/default.conf:6
2021/12/09 19:00:17 [emerg] 1#1: host not found in upstream "app:3000" in /etc/nginx/conf.d/default.conf:6
2021/12/09 19:01:17 [emerg] 1#1: host not found in upstream "app:3000" in /etc/nginx/conf.d/default.conf:6
2021/12/09 19:02:19 [emerg] 1#1: host not found in upstream "app:3000" in /etc/nginx/conf.d/default.conf:6
2021/12/09 19:03:20 [emerg] 1#1: host not found in upstream "app:3000" in /etc/nginx/conf.d/default.conf:6
2021/12/09 19:04:20 [emerg] 1#1: host not found in upstream "app:3000" in /etc/nginx/conf.d/default.conf:6
2021/12/09 19:05:21 [emerg] 1#1: host not found in upstream "app:3000" in /etc/nginx/conf.d/default.conf:6
2021/12/09 19:06:22 [emerg] 1#1: host not found in upstream "app:3000" in /etc/nginx/conf.d/default.conf:6
2021/12/09 19:07:22 [emerg] 1#1: host not found in upstream "app:3000" in /etc/nginx/conf.d/default.conf:6
2021/12/09 19:08:23 [emerg] 1#1: host not found in upstream "app:3000" in /etc/nginx/conf.d/default.conf:6
2021/12/09 19:09:24 [emerg] 1#1: host not found in upstream "app:3000" in /etc/nginx/conf.d/default.conf:6
2021/12/09 19:10:25 [emerg] 1#1: host not found in upstream "app:3000" in /etc/nginx/conf.d/default.conf:6
2021/12/09 19:11:25 [emerg] 1#1: host not found in upstream "app:3000" in /etc/nginx/conf.d/default.conf:6
2021/12/09 19:12:26 [emerg] 1#1: host not found in upstream "app:3000" in /etc/nginx/conf.d/default.conf:6
2021/12/09 19:13:27 [emerg] 1#1: host not found in upstream "app:3000" in /etc/nginx/conf.d/default.conf:6
2021/12/09 19:14:27 [emerg] 1#1: host not found in upstream "app:3000" in /etc/nginx/conf.d/default.conf:6
2021/12/09 19:15:28 [emerg] 1#1: host not found in upstream "app:3000" in /etc/nginx/conf.d/default.conf:6
2021/12/09 19:16:29 [emerg] 1#1: host not found in upstream "app:3000" in /etc/nginx/conf.d/default.conf:6
2021/12/09 19:17:30 [emerg] 1#1: host not found in upstream "app:3000" in /etc/nginx/conf.d/default.conf:6
2021/12/09 19:18:30 [emerg] 1#1: host not found in upstream "app:3000" in /etc/nginx/conf.d/default.conf:6
2021/12/09 19:19:31 [emerg] 1#1: host not found in upstream "app:3000" in /etc/nginx/conf.d/default.conf:6
2021/12/09 21:19:01 [emerg] 1#1: host not found in upstream "app:3000" in /etc/nginx/conf.d/default.conf:6
2021/12/09 21:20:03 [emerg] 1#1: host not found in upstream "app:3000" in /etc/nginx/conf.d/default.conf:6
2021/12/09 21:21:04 [emerg] 1#1: host not found in upstream "app:3000" in /etc/nginx/conf.d/default.conf:6
2021/12/09 21:22:04 [emerg] 1#1: host not found in upstream "app:3000" in /etc/nginx/conf.d/default.conf:6
2021/12/09 21:23:05 [emerg] 1#1: host not found in upstream "app:3000" in /etc/nginx/conf.d/default.conf:6
2021/12/09 21:24:06 [emerg] 1#1: host not found in upstream "app:3000" in /etc/nginx/conf.d/default.conf:6
2021/12/09 21:25:07 [emerg] 1#1: host not found in upstream "app:3000" in /etc/nginx/conf.d/default.conf:6
2021/12/09 21:26:07 [emerg] 1#1: host not found in upstream "app:3000" in /etc/nginx/conf.d/default.conf:6
2021/12/09 21:27:08 [emerg] 1#1: host not found in upstream "app:3000" in /etc/nginx/conf.d/default.conf:6
2021/12/09 21:28:09 [emerg] 1#1: host not found in upstream "app:3000" in /etc/nginx/conf.d/default.conf:6
2021/12/09 21:29:09 [emerg] 1#1: host not found in upstream "app:3000" in /etc/nginx/conf.d/default.conf:6
2021/12/09 21:30:10 [emerg] 1#1: host not found in upstream "app:3000" in /etc/nginx/conf.d/default.conf:6
2021/12/09 21:31:11 [emerg] 1#1: host not found in upstream "app:3000" in /etc/nginx/conf.d/default.conf:6
2021/12/09 21:32:11 [emerg] 1#1: host not found in upstream "app:3000" in /etc/nginx/conf.d/default.conf:6
2021/12/09 21:33:12 [emerg] 1#1: host not found in upstream "app:3000" in /etc/nginx/conf.d/default.conf:6
2021/12/10 04:55:39 [emerg] 1#1: host not found in upstream "app:3000" in /etc/nginx/conf.d/default.conf:6
2021/12/10 04:56:40 [emerg] 1#1: host not found in upstream "app:3000" in /etc/nginx/conf.d/default.conf:6
2021/12/10 04:57:41 [emerg] 1#1: host not found in upstream "app:3000" in /etc/nginx/conf.d/default.conf:6
2021/12/10 04:58:42 [emerg] 1#1: host not found in upstream "app:3000" in /etc/nginx/conf.d/default.conf:6
2021/12/10 04:59:43 [emerg] 1#1: host not found in upstream "app:3000" in /etc/nginx/conf.d/default.conf:6
2021/12/10 05:00:44 [emerg] 1#1: host not found in upstream "app:3000" in /etc/nginx/conf.d/default.conf:6
2021/12/10 05:01:44 [emerg] 1#1: host not found in upstream "app:3000" in /etc/nginx/conf.d/default.conf:6
2021/12/10 05:02:45 [emerg] 1#1: host not found in upstream "app:3000" in /etc/nginx/conf.d/default.conf:6
2021/12/10 05:03:46 [emerg] 1#1: host not found in upstream "app:3000" in /etc/nginx/conf.d/default.conf:6
2021/12/10 05:04:47 [emerg] 1#1: host not found in upstream "app:3000" in /etc/nginx/conf.d/default.conf:6
2021/12/10 05:05:47 [emerg] 1#1: host not found in upstream "app:3000" in /etc/nginx/conf.d/default.conf:6
2021/12/10 05:06:48 [emerg] 1#1: host not found in upstream "app:3000" in /etc/nginx/conf.d/default.conf:6
2021/12/10 05:07:49 [emerg] 1#1: host not found in upstream "app:3000" in /etc/nginx/conf.d/default.conf:6
2021/12/10 05:08:50 [emerg] 1#1: host not found in upstream "app:3000" in /etc/nginx/conf.d/default.conf:6
2021/12/10 05:09:51 [emerg] 1#1: host not found in upstream "app:3000" in /etc/nginx/conf.d/default.conf:6
2021/12/10 05:10:51 [emerg] 1#1: host not found in upstream "app:3000" in /etc/nginx/conf.d/default.conf:6
2021/12/10 05:11:52 [emerg] 1#1: host not found in upstream "app:3000" in /etc/nginx/conf.d/default.conf:6
2021/12/10 05:12:53 [emerg] 1#1: host not found in upstream "app:3000" in /etc/nginx/conf.d/default.conf:6
2021/12/10 05:13:54 [emerg] 1#1: host not found in upstream "app:3000" in /etc/nginx/conf.d/default.conf:6
2021/12/10 08:43:44 [emerg] 1#1: host not found in upstream "app:3000" in /etc/nginx/conf.d/default.conf:6
2021/12/10 08:44:45 [emerg] 1#1: host not found in upstream "app:3000" in /etc/nginx/conf.d/default.conf:6
2021/12/10 08:45:46 [emerg] 1#1: host not found in upstream "app:3000" in /etc/nginx/conf.d/default.conf:6
2021/12/10 08:46:46 [emerg] 1#1: host not found in upstream "app:3000" in /etc/nginx/conf.d/default.conf:6
2021/12/10 08:47:47 [emerg] 1#1: host not found in upstream "app:3000" in /etc/nginx/conf.d/default.conf:6
2021/12/10 08:48:48 [emerg] 1#1: host not found in upstream "app:3000" in /etc/nginx/conf.d/default.conf:6
2021/12/10 08:49:49 [emerg] 1#1: host not found in upstream "app:3000" in /etc/nginx/conf.d/default.conf:6
2021/12/10 08:50:49 [emerg] 1#1: host not found in upstream "app:3000" in /etc/nginx/conf.d/default.conf:6
2021/12/10 08:51:50 [emerg] 1#1: host not found in upstream "app:3000" in /etc/nginx/conf.d/default.conf:6
2021/12/10 08:52:51 [emerg] 1#1: host not found in upstream "app:3000" in /etc/nginx/conf.d/default.conf:6
2021/12/10 08:53:51 [emerg] 1#1: host not found in upstream "app:3000" in /etc/nginx/conf.d/default.conf:6
2021/12/10 08:54:52 [emerg] 1#1: host not found in upstream "app:3000" in /etc/nginx/conf.d/default.conf:6
2021/12/10 08:55:53 [emerg] 1#1: host not found in upstream "app:3000" in /etc/nginx/conf.d/default.conf:6
2021/12/10 08:56:54 [emerg] 1#1: host not found in upstream "app:3000" in /etc/nginx/conf.d/default.conf:6
2021/12/10 08:57:55 [emerg] 1#1: host not found in upstream "app:3000" in /etc/nginx/conf.d/default.conf:6
2021/12/10 08:58:55 [emerg] 1#1: host not found in upstream "app:3000" in /etc/nginx/conf.d/default.conf:6
2021/12/10 08:59:56 [emerg] 1#1: host not found in upstream "app:3000" in /etc/nginx/conf.d/default.conf:6
2021/12/10 09:00:57 [emerg] 1#1: host not found in upstream "app:3000" in /etc/nginx/conf.d/default.conf:6
2021/12/10 09:01:58 [emerg] 1#1: host not found in upstream "app:3000" in /etc/nginx/conf.d/default.conf:6
2021/12/10 09:02:58 [emerg] 1#1: host not found in upstream "app:3000" in /etc/nginx/conf.d/default.conf:6
2021/12/10 09:03:59 [emerg] 1#1: host not found in upstream "app:3000" in /etc/nginx/conf.d/default.conf:6
2021/12/10 09:05:00 [emerg] 1#1: host not found in upstream "app:3000" in /etc/nginx/conf.d/default.conf:6
2021/12/10 09:06:00 [emerg] 1#1: host not found in upstream "app:3000" in /etc/nginx/conf.d/default.conf:6
2021/12/10 09:07:01 [emerg] 1#1: host not found in upstream "app:3000" in /etc/nginx/conf.d/default.conf:6
2021/12/10 09:08:03 [emerg] 1#1: host not found in upstream "app:3000" in /etc/nginx/conf.d/default.conf:6
2021/12/10 09:09:03 [emerg] 1#1: host not found in upstream "app:3000" in /etc/nginx/conf.d/default.conf:6
2021/12/10 09:10:04 [emerg] 1#1: host not found in upstream "app:3000" in /etc/nginx/conf.d/default.conf:6
2021/12/10 09:11:05 [emerg] 1#1: host not found in upstream "app:3000" in /etc/nginx/conf.d/default.conf:6
2021/12/10 09:12:06 [emerg] 1#1: host not found in upstream "app:3000" in /etc/nginx/conf.d/default.conf:6
2021/12/10 09:13:06 [emerg] 1#1: host not found in upstream "app:3000" in /etc/nginx/conf.d/default.conf:6
2021/12/10 09:14:07 [emerg] 1#1: host not found in upstream "app:3000" in /etc/nginx/conf.d/default.conf:6
2021/12/10 09:15:08 [emerg] 1#1: host not found in upstream "app:3000" in /etc/nginx/conf.d/default.conf:6
2021/12/10 09:16:08 [emerg] 1#1: host not found in upstream "app:3000" in /etc/nginx/conf.d/default.conf:6
2021/12/10 09:17:09 [emerg] 1#1: host not found in upstream "app:3000" in /etc/nginx/conf.d/default.conf:6
2021/12/10 09:18:10 [emerg] 1#1: host not found in upstream "app:3000" in /etc/nginx/conf.d/default.conf:6
2021/12/10 09:19:10 [emerg] 1#1: host not found in upstream "app:3000" in /etc/nginx/conf.d/default.conf:6
2021/12/10 09:20:11 [emerg] 1#1: host not found in upstream "app:3000" in /etc/nginx/conf.d/default.conf:6
2021/12/10 09:21:11 [emerg] 1#1: host not found in upstream "app:3000" in /etc/nginx/conf.d/default.conf:6
2021/12/10 09:22:12 [emerg] 1#1: host not found in upstream "app:3000" in /etc/nginx/conf.d/default.conf:6
2021/12/10 09:23:13 [emerg] 1#1: host not found in upstream "app:3000" in /etc/nginx/conf.d/default.conf:6
2021/12/10 09:24:14 [emerg] 1#1: host not found in upstream "app:3000" in /etc/nginx/conf.d/default.conf:6
2021/12/10 09:25:15 [emerg] 1#1: host not found in upstream "app:3000" in /etc/nginx/conf.d/default.conf:6
2021/12/10 09:26:15 [emerg] 1#1: host not found in upstream "app:3000" in /etc/nginx/conf.d/default.conf:6
2021/12/10 09:27:16 [emerg] 1#1: host not found in upstream "app:3000" in /etc/nginx/conf.d/default.conf:6
2021/12/10 09:28:17 [emerg] 1#1: host not found in upstream "app:3000" in /etc/nginx/conf.d/default.conf:6
2021/12/10 09:29:18 [emerg] 1#1: host not found in upstream "app:3000" in /etc/nginx/conf.d/default.conf:6
2021/12/10 09:30:18 [emerg] 1#1: host not found in upstream "app:3000" in /etc/nginx/conf.d/default.conf:6
2021/12/10 09:31:19 [emerg] 1#1: host not found in upstream "app:3000" in /etc/nginx/conf.d/default.conf:6
2021/12/10 09:32:20 [emerg] 1#1: host not found in upstream "app:3000" in /etc/nginx/conf.d/default.conf:6
2021/12/10 09:33:21 [emerg] 1#1: host not found in upstream "app:3000" in /etc/nginx/conf.d/default.conf:6
2021/12/10 09:34:21 [emerg] 1#1: host not found in upstream "app:3000" in /etc/nginx/conf.d/default.conf:6
2021/12/10 09:35:23 [emerg] 1#1: host not found in upstream "app:3000" in /etc/nginx/conf.d/default.conf:6
2021/12/10 09:36:24 [emerg] 1#1: host not found in upstream "app:3000" in /etc/nginx/conf.d/default.conf:6
2021/12/10 09:37:25 [emerg] 1#1: host not found in upstream "app:3000" in /etc/nginx/conf.d/default.conf:6
2021/12/10 09:38:25 [emerg] 1#1: host not found in upstream "app:3000" in /etc/nginx/conf.d/default.conf:6
2021/12/10 09:39:26 [emerg] 1#1: host not found in upstream "app:3000" in /etc/nginx/conf.d/default.conf:6
2021/12/10 09:40:27 [emerg] 1#1: host not found in upstream "app:3000" in /etc/nginx/conf.d/default.conf:6
2021/12/10 09:41:27 [emerg] 1#1: host not found in upstream "app:3000" in /etc/nginx/conf.d/default.conf:6
2021/12/10 09:42:28 [emerg] 1#1: host not found in upstream "app:3000" in /etc/nginx/conf.d/default.conf:6
2021/12/10 09:43:29 [emerg] 1#1: host not found in upstream "app:3000" in /etc/nginx/conf.d/default.conf:6
2021/12/10 19:58:59 [emerg] 1#1: host not found in upstream "app:3000" in /etc/nginx/conf.d/default.conf:6
2021/12/10 20:00:00 [emerg] 1#1: host not found in upstream "app:3000" in /etc/nginx/conf.d/default.conf:6
2021/12/10 20:01:01 [emerg] 1#1: host not found in upstream "app:3000" in /etc/nginx/conf.d/default.conf:6
2021/12/10 20:02:02 [emerg] 1#1: host not found in upstream "app:3000" in /etc/nginx/conf.d/default.conf:6
2021/12/10 20:03:03 [emerg] 1#1: host not found in upstream "app:3000" in /etc/nginx/conf.d/default.conf:6
2021/12/10 20:04:03 [emerg] 1#1: host not found in upstream "app:3000" in /etc/nginx/conf.d/default.conf:6
2021/12/10 20:10:24 [emerg] 1#1: host not found in upstream "app:3000" in /etc/nginx/conf.d/default.conf:6
2021/12/10 20:11:24 [emerg] 1#1: host not found in upstream "app:3000" in /etc/nginx/conf.d/default.conf:6
2021/12/10 20:12:25 [emerg] 1#1: host not found in upstream "app:3000" in /etc/nginx/conf.d/default.conf:6
2021/12/10 20:13:26 [emerg] 1#1: host not found in upstream "app:3000" in /etc/nginx/conf.d/default.conf:6
2021/12/10 20:14:27 [emerg] 1#1: host not found in upstream "app:3000" in /etc/nginx/conf.d/default.conf:6
2021/12/10 20:15:27 [emerg] 1#1: host not found in upstream "app:3000" in /etc/nginx/conf.d/default.conf:6
2021/12/10 20:16:28 [emerg] 1#1: host not found in upstream "app:3000" in /etc/nginx/conf.d/default.conf:6
2021/12/10 20:17:29 [emerg] 1#1: host not found in upstream "app:3000" in /etc/nginx/conf.d/default.conf:6
2021/12/10 20:18:30 [emerg] 1#1: host not found in upstream "app:3000" in /etc/nginx/conf.d/default.conf:6
2021/12/10 20:19:30 [emerg] 1#1: host not found in upstream "app:3000" in /etc/nginx/conf.d/default.conf:6
2021/12/10 20:20:31 [emerg] 1#1: host not found in upstream "app:3000" in /etc/nginx/conf.d/default.conf:6
2021/12/10 20:21:32 [emerg] 1#1: host not found in upstream "app:3000" in /etc/nginx/conf.d/default.conf:6
2021/12/10 20:22:33 [emerg] 1#1: host not found in upstream "app:3000" in /etc/nginx/conf.d/default.conf:6
2021/12/10 20:23:33 [emerg] 1#1: host not found in upstream "app:3000" in /etc/nginx/conf.d/default.conf:6
2021/12/10 20:24:34 [emerg] 1#1: host not found in upstream "app:3000" in /etc/nginx/conf.d/default.conf:6
2021/12/10 20:25:37 [emerg] 1#1: host not found in upstream "app:3000" in /etc/nginx/conf.d/default.conf:6
2021/12/10 20:26:42 [emerg] 1#1: host not found in upstream "app:3000" in /etc/nginx/conf.d/default.conf:6
2021/12/11 06:23:19 [emerg] 1#1: host not found in upstream "app:3000" in /etc/nginx/conf.d/default.conf:6
2021/12/11 06:24:20 [emerg] 1#1: host not found in upstream "app:3000" in /etc/nginx/conf.d/default.conf:6
2021/12/11 06:25:20 [emerg] 1#1: host not found in upstream "app:3000" in /etc/nginx/conf.d/default.conf:6
2021/12/11 06:26:21 [emerg] 1#1: host not found in upstream "app:3000" in /etc/nginx/conf.d/default.conf:6
2021/12/11 06:27:22 [emerg] 1#1: host not found in upstream "app:3000" in /etc/nginx/conf.d/default.conf:6
2021/12/11 06:28:22 [emerg] 1#1: host not found in upstream "app:3000" in /etc/nginx/conf.d/default.conf:6
2021/12/11 06:29:23 [emerg] 1#1: host not found in upstream "app:3000" in /etc/nginx/conf.d/default.conf:6
2021/12/11 06:30:24 [emerg] 1#1: host not found in upstream "app:3000" in /etc/nginx/conf.d/default.conf:6
2021/12/11 06:31:24 [emerg] 1#1: host not found in upstream "app:3000" in /etc/nginx/conf.d/default.conf:6
2021/12/11 06:32:25 [emerg] 1#1: host not found in upstream "app:3000" in /etc/nginx/conf.d/default.conf:6
2021/12/11 06:33:26 [emerg] 1#1: host not found in upstream "app:3000" in /etc/nginx/conf.d/default.conf:6
2021/12/11 06:34:27 [emerg] 1#1: host not found in upstream "app:3000" in /etc/nginx/conf.d/default.conf:6
2021/12/11 06:35:27 [emerg] 1#1: host not found in upstream "app:3000" in /etc/nginx/conf.d/default.conf:6
2021/12/11 06:36:28 [emerg] 1#1: host not found in upstream "app:3000" in /etc/nginx/conf.d/default.conf:6
2021/12/11 06:37:29 [emerg] 1#1: host not found in upstream "app:3000" in /etc/nginx/conf.d/default.conf:6
2021/12/11 06:38:30 [emerg] 1#1: host not found in upstream "app:3000" in /etc/nginx/conf.d/default.conf:6
2021/12/11 06:39:30 [emerg] 1#1: host not found in upstream "app:3000" in /etc/nginx/conf.d/default.conf:6
2021/12/11 06:40:31 [emerg] 1#1: host not found in upstream "app:3000" in /etc/nginx/conf.d/default.conf:6
2021/12/11 06:41:32 [emerg] 1#1: host not found in upstream "app:3000" in /etc/nginx/conf.d/default.conf:6
2021/12/11 06:42:33 [emerg] 1#1: host not found in upstream "app:3000" in /etc/nginx/conf.d/default.conf:6
2021/12/11 06:43:34 [emerg] 1#1: host not found in upstream "app:3000" in /etc/nginx/conf.d/default.conf:6
2021/12/11 06:44:35 [emerg] 1#1: host not found in upstream "app:3000" in /etc/nginx/conf.d/default.conf:6
2021/12/11 06:45:36 [emerg] 1#1: host not found in upstream "app:3000" in /etc/nginx/conf.d/default.conf:6
2021/12/11 06:46:36 [emerg] 1#1: host not found in upstream "app:3000" in /etc/nginx/conf.d/default.conf:6
2021/12/11 06:47:37 [emerg] 1#1: host not found in upstream "app:3000" in /etc/nginx/conf.d/default.conf:6
2021/12/11 06:48:38 [emerg] 1#1: host not found in upstream "app:3000" in /etc/nginx/conf.d/default.conf:6
2021/12/11 06:49:39 [emerg] 1#1: host not found in upstream "app:3000" in /etc/nginx/conf.d/default.conf:6
2021/12/11 06:50:39 [emerg] 1#1: host not found in upstream "app:3000" in /etc/nginx/conf.d/default.conf:6
2021/12/11 06:51:40 [emerg] 1#1: host not found in upstream "app:3000" in /etc/nginx/conf.d/default.conf:6
2021/12/11 06:52:41 [emerg] 1#1: host not found in upstream "app:3000" in /etc/nginx/conf.d/default.conf:6
2021/12/11 06:53:41 [emerg] 1#1: host not found in upstream "app:3000" in /etc/nginx/conf.d/default.conf:6
2021/12/11 06:54:42 [emerg] 1#1: host not found in upstream "app:3000" in /etc/nginx/conf.d/default.conf:6
2021/12/11 06:55:43 [emerg] 1#1: host not found in upstream "app:3000" in /etc/nginx/conf.d/default.conf:6
2021/12/11 06:56:44 [emerg] 1#1: host not found in upstream "app:3000" in /etc/nginx/conf.d/default.conf:6
2021/12/11 06:57:44 [emerg] 1#1: host not found in upstream "app:3000" in /etc/nginx/conf.d/default.conf:6
2021/12/11 06:58:45 [emerg] 1#1: host not found in upstream "app:3000" in /etc/nginx/conf.d/default.conf:6
2021/12/11 06:59:46 [emerg] 1#1: host not found in upstream "app:3000" in /etc/nginx/conf.d/default.conf:6
2021/12/11 07:00:46 [emerg] 1#1: host not found in upstream "app:3000" in /etc/nginx/conf.d/default.conf:6
2021/12/11 07:01:47 [emerg] 1#1: host not found in upstream "app:3000" in /etc/nginx/conf.d/default.conf:6
2021/12/11 07:02:48 [emerg] 1#1: host not found in upstream "app:3000" in /etc/nginx/conf.d/default.conf:6
2021/12/11 07:03:48 [emerg] 1#1: host not found in upstream "app:3000" in /etc/nginx/conf.d/default.conf:6
2021/12/11 07:04:49 [emerg] 1#1: host not found in upstream "app:3000" in /etc/nginx/conf.d/default.conf:6
2021/12/11 07:05:50 [emerg] 1#1: host not found in upstream "app:3000" in /etc/nginx/conf.d/default.conf:6
2021/12/11 07:06:51 [emerg] 1#1: host not found in upstream "app:3000" in /etc/nginx/conf.d/default.conf:6
2021/12/11 07:07:52 [emerg] 1#1: host not found in upstream "app:3000" in /etc/nginx/conf.d/default.conf:6
2021/12/11 07:08:53 [emerg] 1#1: host not found in upstream "app:3000" in /etc/nginx/conf.d/default.conf:6
2021/12/11 07:09:53 [emerg] 1#1: host not found in upstream "app:3000" in /etc/nginx/conf.d/default.conf:6
2021/12/11 07:10:54 [emerg] 1#1: host not found in upstream "app:3000" in /etc/nginx/conf.d/default.conf:6
2021/12/11 07:11:55 [emerg] 1#1: host not found in upstream "app:3000" in /etc/nginx/conf.d/default.conf:6
2021/12/11 07:12:56 [emerg] 1#1: host not found in upstream "app:3000" in /etc/nginx/conf.d/default.conf:6
2021/12/11 07:13:57 [emerg] 1#1: host not found in upstream "app:3000" in /etc/nginx/conf.d/default.conf:6
2021/12/11 07:14:58 [emerg] 1#1: host not found in upstream "app:3000" in /etc/nginx/conf.d/default.conf:6
2021/12/11 07:15:59 [emerg] 1#1: host not found in upstream "app:3000" in /etc/nginx/conf.d/default.conf:6
2021/12/11 07:16:59 [emerg] 1#1: host not found in upstream "app:3000" in /etc/nginx/conf.d/default.conf:6
2021/12/11 07:18:02 [emerg] 1#1: host not found in upstream "app:3000" in /etc/nginx/conf.d/default.conf:6
2021/12/11 07:19:03 [emerg] 1#1: host not found in upstream "app:3000" in /etc/nginx/conf.d/default.conf:6
2021/12/11 07:20:04 [emerg] 1#1: host not found in upstream "app:3000" in /etc/nginx/conf.d/default.conf:6
2021/12/11 07:21:05 [emerg] 1#1: host not found in upstream "app:3000" in /etc/nginx/conf.d/default.conf:6
2021/12/11 07:22:06 [emerg] 1#1: host not found in upstream "app:3000" in /etc/nginx/conf.d/default.conf:6
2021/12/11 07:23:07 [emerg] 1#1: host not found in upstream "app:3000" in /etc/nginx/conf.d/default.conf:6
2021/12/11 07:24:07 [emerg] 1#1: host not found in upstream "app:3000" in /etc/nginx/conf.d/default.conf:6
2021/12/11 07:25:09 [emerg] 1#1: host not found in upstream "app:3000" in /etc/nginx/conf.d/default.conf:6
2021/12/11 07:26:10 [emerg] 1#1: host not found in upstream "app:3000" in /etc/nginx/conf.d/default.conf:6
2021/12/11 07:27:11 [emerg] 1#1: host not found in upstream "app:3000" in /etc/nginx/conf.d/default.conf:6
2021/12/11 07:28:11 [emerg] 1#1: host not found in upstream "app:3000" in /etc/nginx/conf.d/default.conf:6
2021/12/11 07:29:12 [emerg] 1#1: host not found in upstream "app:3000" in /etc/nginx/conf.d/default.conf:6
2021/12/11 07:30:13 [emerg] 1#1: host not found in upstream "app:3000" in /etc/nginx/conf.d/default.conf:6
2021/12/11 07:31:14 [emerg] 1#1: host not found in upstream "app:3000" in /etc/nginx/conf.d/default.conf:6
2021/12/11 07:32:15 [emerg] 1#1: host not found in upstream "app:3000" in /etc/nginx/conf.d/default.conf:6
2021/12/11 07:33:15 [emerg] 1#1: host not found in upstream "app:3000" in /etc/nginx/conf.d/default.conf:6
2021/12/11 07:34:16 [emerg] 1#1: host not found in upstream "app:3000" in /etc/nginx/conf.d/default.conf:6
2021/12/11 07:35:17 [emerg] 1#1: host not found in upstream "app:3000" in /etc/nginx/conf.d/default.conf:6
2021/12/11 07:36:18 [emerg] 1#1: host not found in upstream "app:3000" in /etc/nginx/conf.d/default.conf:6
2021/12/11 07:37:18 [emerg] 1#1: host not found in upstream "app:3000" in /etc/nginx/conf.d/default.conf:6
2021/12/11 07:38:19 [emerg] 1#1: host not found in upstream "app:3000" in /etc/nginx/conf.d/default.conf:6
2021/12/11 07:39:20 [emerg] 1#1: host not found in upstream "app:3000" in /etc/nginx/conf.d/default.conf:6
2021/12/11 07:40:21 [emerg] 1#1: host not found in upstream "app:3000" in /etc/nginx/conf.d/default.conf:6
2021/12/11 07:41:22 [emerg] 1#1: host not found in upstream "app:3000" in /etc/nginx/conf.d/default.conf:6
2021/12/11 07:42:22 [emerg] 1#1: host not found in upstream "app:3000" in /etc/nginx/conf.d/default.conf:6
2021/12/11 07:43:23 [emerg] 1#1: host not found in upstream "app:3000" in /etc/nginx/conf.d/default.conf:6
2021/12/11 07:44:24 [emerg] 1#1: host not found in upstream "app:3000" in /etc/nginx/conf.d/default.conf:6
2021/12/11 07:45:24 [emerg] 1#1: host not found in upstream "app:3000" in /etc/nginx/conf.d/default.conf:6
2021/12/11 08:18:17 [emerg] 1#1: host not found in upstream "app:3000" in /etc/nginx/conf.d/default.conf:6
2021/12/11 08:26:47 [emerg] 1#1: host not found in upstream "app:3000" in /etc/nginx/conf.d/default.conf:6
2021/12/11 08:27:53 [emerg] 1#1: host not found in upstream "app:3000" in /etc/nginx/conf.d/default.conf:6
2021/12/11 08:28:54 [emerg] 1#1: host not found in upstream "app:3000" in /etc/nginx/conf.d/default.conf:6
2021/12/11 08:29:56 [emerg] 1#1: host not found in upstream "app:3000" in /etc/nginx/conf.d/default.conf:6
2021/12/11 08:30:57 [emerg] 1#1: host not found in upstream "app:3000" in /etc/nginx/conf.d/default.conf:6
2021/12/11 08:31:58 [emerg] 1#1: host not found in upstream "app:3000" in /etc/nginx/conf.d/default.conf:6
2021/12/11 08:32:58 [emerg] 1#1: host not found in upstream "app:3000" in /etc/nginx/conf.d/default.conf:6
2021/12/11 08:33:59 [emerg] 1#1: host not found in upstream "app:3000" in /etc/nginx/conf.d/default.conf:6
2021/12/11 08:35:00 [emerg] 1#1: host not found in upstream "app:3000" in /etc/nginx/conf.d/default.conf:6
2021/12/11 08:36:00 [emerg] 1#1: host not found in upstream "app:3000" in /etc/nginx/conf.d/default.conf:6
2021/12/11 08:37:01 [emerg] 1#1: host not found in upstream "app:3000" in /etc/nginx/conf.d/default.conf:6
2021/12/11 08:38:02 [emerg] 1#1: host not found in upstream "app:3000" in /etc/nginx/conf.d/default.conf:6
2021/12/11 08:39:02 [emerg] 1#1: host not found in upstream "app:3000" in /etc/nginx/conf.d/default.conf:6
2021/12/11 10:05:15 [emerg] 1#1: host not found in upstream "app:3000" in /etc/nginx/conf.d/default.conf:6
2021/12/30 18:06:58 [emerg] 1#1: host not found in upstream "app:3000" in /etc/nginx/conf.d/default.conf:6
2021/12/30 18:07:01 [emerg] 1#1: host not found in upstream "app:3000" in /etc/nginx/conf.d/default.conf:6
2021/12/30 18:07:02 [emerg] 1#1: host not found in upstream "app:3000" in /etc/nginx/conf.d/default.conf:6
2021/12/30 18:07:04 [emerg] 1#1: host not found in upstream "app:3000" in /etc/nginx/conf.d/default.conf:6
2021/12/30 18:07:08 [emerg] 1#1: host not found in upstream "app:3000" in /etc/nginx/conf.d/default.conf:6
2021/12/30 18:07:12 [emerg] 1#1: host not found in upstream "app:3000" in /etc/nginx/conf.d/default.conf:6
2021/12/30 18:07:17 [emerg] 1#1: host not found in upstream "app:3000" in /etc/nginx/conf.d/default.conf:6
2021/12/30 18:07:26 [emerg] 1#1: host not found in upstream "app:3000" in /etc/nginx/conf.d/default.conf:6
2021/12/30 18:07:40 [emerg] 1#1: host not found in upstream "app:3000" in /etc/nginx/conf.d/default.conf:6
2021/12/30 18:08:06 [emerg] 1#1: host not found in upstream "app:3000" in /etc/nginx/conf.d/default.conf:6
2021/12/30 18:08:58 [emerg] 1#1: host not found in upstream "app:3000" in /etc/nginx/conf.d/default.conf:6
2021/12/30 18:09:59 [emerg] 1#1: host not found in upstream "app:3000" in /etc/nginx/conf.d/default.conf:6
2021/12/30 18:11:00 [emerg] 1#1: host not found in upstream "app:3000" in /etc/nginx/conf.d/default.conf:6
2021/12/30 18:12:01 [emerg] 1#1: host not found in upstream "app:3000" in /etc/nginx/conf.d/default.conf:6
2021/12/30 18:13:01 [emerg] 1#1: host not found in upstream "app:3000" in /etc/nginx/conf.d/default.conf:6
2021/12/30 18:15:08 [emerg] 1#1: host not found in upstream "app:3000" in /etc/nginx/conf.d/default.conf:6
2021/12/30 18:15:09 [emerg] 1#1: host not found in upstream "app:3000" in /etc/nginx/conf.d/default.conf:6
2021/12/30 18:15:11 [emerg] 1#1: host not found in upstream "app:3000" in /etc/nginx/conf.d/default.conf:6
2021/12/30 18:15:12 [emerg] 1#1: host not found in upstream "app:3000" in /etc/nginx/conf.d/default.conf:6
2021/12/30 18:15:17 [emerg] 1#1: host not found in upstream "app:3000" in /etc/nginx/conf.d/default.conf:6
2021/12/30 18:15:20 [emerg] 1#1: host not found in upstream "app:3000" in /etc/nginx/conf.d/default.conf:6
2021/12/30 18:15:24 [emerg] 1#1: host not found in upstream "app:3000" in /etc/nginx/conf.d/default.conf:6
2021/12/30 18:15:31 [emerg] 1#1: host not found in upstream "app:3000" in /etc/nginx/conf.d/default.conf:6
2021/12/30 18:15:45 [emerg] 1#1: host not found in upstream "app:3000" in /etc/nginx/conf.d/default.conf:6
2021/12/30 18:16:11 [emerg] 1#1: host not found in upstream "app:3000" in /etc/nginx/conf.d/default.conf:6
2021/12/30 18:17:03 [emerg] 1#1: host not found in upstream "app:3000" in /etc/nginx/conf.d/default.conf:6
2021/12/30 18:18:04 [emerg] 1#1: host not found in upstream "app:3000" in /etc/nginx/conf.d/default.conf:6
2021/12/30 18:19:05 [emerg] 1#1: host not found in upstream "app:3000" in /etc/nginx/conf.d/default.conf:6
2021/12/30 18:20:05 [emerg] 1#1: host not found in upstream "app:3000" in /etc/nginx/conf.d/default.conf:6
2021/12/30 18:21:06 [emerg] 1#1: host not found in upstream "app:3000" in /etc/nginx/conf.d/default.conf:6
2021/12/30 18:22:06 [emerg] 1#1: host not found in upstream "app:3000" in /etc/nginx/conf.d/default.conf:6
